0 info it worked if it ends with ok
1 verbose cli [ '/gpfs/main/course/cs1320/bin/node-v6.9.5-linux-x64/bin/node',
1 verbose cli   '/course/cs1320/bin/node-v6.9.5-linux-x64/bin/npm',
1 verbose cli   'start' ]
2 info using npm@3.10.10
3 info using node@v6.9.5
4 verbose run-script [ 'prestart', 'start', 'poststart' ]
5 info lifecycle freefoodmovement@1.0.0~prestart: freefoodmovement@1.0.0
6 silly lifecycle freefoodmovement@1.0.0~prestart: no script for prestart, continuing
7 info lifecycle freefoodmovement@1.0.0~start: freefoodmovement@1.0.0
8 verbose lifecycle freefoodmovement@1.0.0~start: unsafe-perm in lifecycle true
9 verbose lifecycle freefoodmovement@1.0.0~start: PATH: /gpfs/main/course/cs1320/bin/node-v6.9.5-linux-x64/lib/node_modules/npm/bin/node-gyp-bin:/gpfs/main/home/kta1/course/cs132/cs132-ffm/node_modules/.bin:/gpfs/main/course/cs1320/bin/node-v6.9.5-linux-x64/bin:/course/cs1320/bin/node-v6.9.5-linux-x64/bin/:/course/cs032/bin:/local/bin:/usr/local/bin:/bin:/usr/bin:/usr/X11R6/bin:/usr/games:/contrib/bin:/course/cs0320/bin:/course/cs1320/bin:/course/cs0330/bin
10 verbose lifecycle freefoodmovement@1.0.0~start: CWD: /gpfs/main/home/kta1/course/cs132/cs132-ffm
11 silly lifecycle freefoodmovement@1.0.0~start: Args: [ '-c', 'node server.js' ]
12 silly lifecycle freefoodmovement@1.0.0~start: Returned: code: 1  signal: null
13 info lifecycle freefoodmovement@1.0.0~start: Failed to exec start script
14 verbose stack Error: freefoodmovement@1.0.0 start: `node server.js`
14 verbose stack Exit status 1
14 verbose stack     at EventEmitter.<anonymous> (/gpfs/main/course/cs1320/bin/node-v6.9.5-linux-x64/lib/node_modules/npm/lib/utils/lifecycle.js:255:16)
14 verbose stack     at emitTwo (events.js:106:13)
14 verbose stack     at EventEmitter.emit (events.js:191:7)
14 verbose stack     at ChildProcess.<anonymous> (/gpfs/main/course/cs1320/bin/node-v6.9.5-linux-x64/lib/node_modules/npm/lib/utils/spawn.js:40:14)
14 verbose stack     at emitTwo (events.js:106:13)
14 verbose stack     at ChildProcess.emit (events.js:191:7)
14 verbose stack     at maybeClose (internal/child_process.js:877:16)
14 verbose stack     at Process.ChildProcess._handle.onexit (internal/child_process.js:226:5)
15 verbose pkgid freefoodmovement@1.0.0
16 verbose cwd /gpfs/main/home/kta1/course/cs132/cs132-ffm
17 error Linux 3.16.0-4-amd64
18 error argv "/gpfs/main/course/cs1320/bin/node-v6.9.5-linux-x64/bin/node" "/course/cs1320/bin/node-v6.9.5-linux-x64/bin/npm" "start"
19 error node v6.9.5
20 error npm  v3.10.10
21 error code ELIFECYCLE
22 error freefoodmovement@1.0.0 start: `node server.js`
22 error Exit status 1
23 error Failed at the freefoodmovement@1.0.0 start script 'node server.js'.
23 error Make sure you have the latest version of node.js and npm installed.
23 error If you do, this is most likely a problem with the freefoodmovement package,
23 error not with npm itself.
23 error Tell the author that this fails on your system:
23 error     node server.js
23 error You can get information on how to open an issue for this project with:
23 error     npm bugs freefoodmovement
23 error Or if that isn't available, you can get their info via:
23 error     npm owner ls freefoodmovement
23 error There is likely additional logging output above.
24 verbose exit [ 1, true ]
